<?xml version="1.0" encoding="UTF-8"?>
<!-- Generated by org.testng.reporters.JUnitReportReporter -->
<testsuite hostname="PPC" failures="0" tests="1" name="SwagLabs_Tests.SwagLabs_PlacingOrder" time="12.219" errors="0" timestamp="2023-01-05T16:30:50 IST" skipped="0">
  <testcase classname="SwagLabs_Tests.SwagLabs_PlacingOrder" name="Order" time="12.219"/>
  <system-out/>
</testsuite> <!-- SwagLabs_Tests.SwagLabs_PlacingOrder -->
