<?xml version="1.0" encoding="UTF-8"?>
<!-- Generated by org.testng.reporters.JUnitReportReporter -->
<testsuite hostname="PPC" failures="0" tests="5" name="SwagLabs_Tests.SwagLabs_LoginTest" time="19.300" errors="0" timestamp="2023-01-05T15:14:13 IST" skipped="0">
  <testcase classname="SwagLabs_Tests.SwagLabs_LoginTest" name="LoginTest" time="2.660"/>
  <system-out/>
  <testcase classname="SwagLabs_Tests.SwagLabs_LoginTest" name="Verify_Logo" time="2.269"/>
  <system-out/>
  <testcase classname="SwagLabs_Tests.SwagLabs_LoginTest" name="Verify_Title" time="2.209"/>
  <system-out/>
  <testcase classname="SwagLabs_Tests.SwagLabs_LoginTest" name="InvalidLoginTest" time="2.733"/>
  <system-out/>
  <testcase classname="SwagLabs_Tests.SwagLabs_LoginTest" name="LogoutTest" time="9.429"/>
  <system-out/>
</testsuite> <!-- SwagLabs_Tests.SwagLabs_LoginTest -->
