<?xml version="1.0" encoding="UTF-8"?>
<!-- Generated by org.testng.reporters.JUnitReportReporter -->
<testsuite hostname="PPC" failures="0" tests="1" name="SwagLabs_Tests.SwagLabs_AddToCart" time="9.189" errors="0" timestamp="2023-01-03T21:31:06 IST" skipped="0">
  <testcase classname="SwagLabs_Tests.SwagLabs_AddToCart" name="Login" time="9.189"/>
  <system-out/>
</testsuite> <!-- SwagLabs_Tests.SwagLabs_AddToCart -->
