<?xml version="1.0" encoding="UTF-8"?>
<!-- Generated by org.testng.reporters.JUnitReportReporter -->
<testsuite hostname="PPC" failures="0" tests="1" name="SwagLabs_Tests.SwagLabs_LoginTest" time="1.953" errors="0" timestamp="2023-01-03T16:35:44 IST" skipped="0">
  <testcase classname="SwagLabs_Tests.SwagLabs_LoginTest" name="Login" time="1.953"/>
  <system-out/>
</testsuite> <!-- SwagLabs_Tests.SwagLabs_LoginTest -->
